2025-08-12 20:31:14,312 | INFO | Логи → C:\Users\Public\Finmodel2.0\scriptsPB\log\wb_spp_auto.log
2025-08-12 20:31:14,325 | INFO | Всего nmId к обработке: 3958
2025-08-12 20:31:14,325 | INFO | Пробный nmId: 261903062
2025-08-12 20:48:34,095 | INFO | Логи → C:\Users\Public\Finmodel2.0\scriptsPB\log\wb_spp_auto.log
2025-08-12 20:48:34,104 | INFO | Всего nmId к обработке: 3958
2025-08-12 20:48:34,105 | INFO | Пробный nmId: 261903062
2025-08-12 20:48:35,357 | INFO | Открываю https://www.wildberries.ru/catalog/261903062/detail.aspx
2025-08-12 20:48:44,710 | WARNING | Не удалось поймать параметры за 8 сек. Будут использованы дефолты.
2025-08-12 20:48:44,954 | INFO | Используем параметры: {'dest': -1257786, 'spp': None, 'hide_dtype': None, 'ab_testid': None, 'lang': 'ru', 'origin': 'https://www.wildberries.ru', 'referer': 'https://www.wildberries.ru/catalog/261903062/detail.aspx', 'captcha_id': None}
2025-08-12 20:48:45,251 | INFO | Батч 1/40: запрошено=100 → получено=0
2025-08-12 20:48:45,878 | INFO | Батч 2/40: запрошено=100 → получено=0
2025-08-12 20:48:46,514 | INFO | Батч 3/40: запрошено=100 → получено=0
2025-08-12 20:48:47,138 | INFO | Батч 4/40: запрошено=100 → получено=0
2025-08-12 20:48:47,768 | INFO | Батч 5/40: запрошено=100 → получено=0
2025-08-12 20:48:48,400 | INFO | Батч 6/40: запрошено=100 → получено=0
2025-08-12 20:48:49,034 | INFO | Батч 7/40: запрошено=100 → получено=0
2025-08-12 20:48:49,673 | INFO | Батч 8/40: запрошено=100 → получено=0
2025-08-12 20:48:50,297 | INFO | Батч 9/40: запрошено=100 → получено=0
2025-08-12 20:48:51,006 | INFO | Батч 10/40: запрошено=100 → получено=0
2025-08-12 20:48:51,640 | INFO | Батч 11/40: запрошено=100 → получено=0
2025-08-12 20:48:52,288 | INFO | Батч 12/40: запрошено=100 → получено=0
2025-08-12 20:48:52,864 | INFO | Батч 13/40: запрошено=100 → получено=0
2025-08-12 20:48:53,501 | INFO | Батч 14/40: запрошено=100 → получено=0
2025-08-12 20:48:54,079 | INFO | Батч 15/40: запрошено=100 → получено=0
2025-08-12 20:48:54,724 | INFO | Батч 16/40: запрошено=100 → получено=0
2025-08-12 20:48:55,388 | INFO | Батч 17/40: запрошено=100 → получено=0
2025-08-12 20:48:56,025 | INFO | Батч 18/40: запрошено=100 → получено=0
2025-08-12 20:48:56,655 | INFO | Батч 19/40: запрошено=100 → получено=0
2025-08-12 20:48:57,287 | INFO | Батч 20/40: запрошено=100 → получено=0
2025-08-12 20:48:57,856 | INFO | Батч 21/40: запрошено=100 → получено=0
2025-08-12 20:48:58,522 | INFO | Батч 22/40: запрошено=100 → получено=0
2025-08-12 20:48:59,171 | INFO | Батч 23/40: запрошено=100 → получено=0
2025-08-12 20:48:59,749 | INFO | Батч 24/40: запрошено=100 → получено=0
2025-08-12 20:49:00,395 | INFO | Батч 25/40: запрошено=100 → получено=0
2025-08-12 20:49:01,025 | INFO | Батч 26/40: запрошено=100 → получено=0
2025-08-12 20:49:01,669 | INFO | Батч 27/40: запрошено=100 → получено=0
2025-08-12 20:49:02,321 | INFO | Батч 28/40: запрошено=100 → получено=0
2025-08-12 20:49:02,948 | INFO | Батч 29/40: запрошено=100 → получено=0
2025-08-12 20:49:03,586 | INFO | Батч 30/40: запрошено=100 → получено=0
2025-08-12 20:49:04,229 | INFO | Батч 31/40: запрошено=100 → получено=0
2025-08-12 20:49:04,891 | INFO | Батч 32/40: запрошено=100 → получено=0
2025-08-12 20:49:05,535 | INFO | Батч 33/40: запрошено=100 → получено=0
2025-08-12 20:49:06,185 | INFO | Батч 34/40: запрошено=100 → получено=0
2025-08-12 20:49:06,828 | INFO | Батч 35/40: запрошено=100 → получено=0
2025-08-12 20:49:07,499 | INFO | Батч 36/40: запрошено=100 → получено=0
2025-08-12 20:49:08,140 | INFO | Батч 37/40: запрошено=100 → получено=0
2025-08-12 20:49:08,796 | INFO | Батч 38/40: запрошено=100 → получено=0
2025-08-12 20:49:09,427 | INFO | Батч 39/40: запрошено=100 → получено=0
2025-08-12 20:49:10,016 | INFO | Батч 40/40: запрошено=58 → получено=0
2025-08-12 20:49:10,517 | WARNING | WB не вернул 3958 nmId. Примеры: 115139874, 120058527, 120058528, 120058529, 120058530, 120061815, 120061816, 120061817, 120061818, 120061819 ...
2025-08-12 20:49:10,518 | INFO | Нет строк для записи в SQLite — пропуск.
2025-08-12 20:49:10,519 | INFO | Готово.
2025-08-12 21:08:44,166 | INFO | Логи → C:\Users\Public\Finmodel2.0\scriptsPB\log\wb_spp_auto.log
2025-08-12 21:08:44,175 | INFO | Всего nmId к обработке: 3958
2025-08-12 21:08:44,176 | INFO | Пробный nmId: 261903062
2025-08-12 21:08:45,254 | INFO | Открываю https://www.wildberries.ru/catalog/261903062/detail.aspx
2025-08-12 21:08:54,641 | WARNING | Не удалось поймать параметры за 8 сек. Будут использованы дефолты.
2025-08-12 21:08:54,846 | INFO | Используем параметры: {'dest': -1257786, 'spp': None, 'hide_dtype': None, 'ab_testid': None, 'lang': 'ru', 'origin': 'https://www.wildberries.ru', 'referer': 'https://www.wildberries.ru/catalog/261903062/detail.aspx', 'captcha_id': None}
2025-08-12 21:08:55,127 | INFO | Батч 1/40: запрошено=100 → получено=0
2025-08-12 21:08:55,770 | INFO | Батч 2/40: запрошено=100 → получено=0
2025-08-12 21:08:56,410 | INFO | Батч 3/40: запрошено=100 → получено=0
2025-08-12 21:08:57,049 | INFO | Батч 4/40: запрошено=100 → получено=0
2025-08-12 21:08:57,699 | INFO | Батч 5/40: запрошено=100 → получено=0
2025-08-12 21:08:58,340 | INFO | Батч 6/40: запрошено=100 → получено=0
2025-08-12 21:08:58,967 | INFO | Батч 7/40: запрошено=100 → получено=0
2025-08-12 21:08:59,614 | INFO | Батч 8/40: запрошено=100 → получено=0
2025-08-12 21:09:00,257 | INFO | Батч 9/40: запрошено=100 → получено=0
2025-08-12 21:09:00,886 | INFO | Батч 10/40: запрошено=100 → получено=0
2025-08-12 21:09:01,518 | INFO | Батч 11/40: запрошено=100 → получено=0
2025-08-12 21:09:02,153 | INFO | Батч 12/40: запрошено=100 → получено=0
2025-08-12 21:09:02,733 | INFO | Батч 13/40: запрошено=100 → получено=0
2025-08-12 21:09:03,358 | INFO | Батч 14/40: запрошено=100 → получено=0
2025-08-12 21:09:03,936 | INFO | Батч 15/40: запрошено=100 → получено=0
2025-08-12 21:09:04,578 | INFO | Батч 16/40: запрошено=100 → получено=0
2025-08-12 21:09:05,218 | INFO | Батч 17/40: запрошено=100 → получено=0
2025-08-12 21:09:05,845 | INFO | Батч 18/40: запрошено=100 → получено=0
2025-08-12 21:09:06,482 | INFO | Батч 19/40: запрошено=100 → получено=0
2025-08-12 21:09:07,122 | INFO | Батч 20/40: запрошено=100 → получено=0
2025-08-12 21:09:07,720 | INFO | Батч 21/40: запрошено=100 → получено=0
2025-08-12 21:09:08,357 | INFO | Батч 22/40: запрошено=100 → получено=0
2025-08-12 21:09:08,981 | INFO | Батч 23/40: запрошено=100 → получено=0
2025-08-12 21:09:09,561 | INFO | Батч 24/40: запрошено=100 → получено=0
2025-08-12 21:09:10,193 | INFO | Батч 25/40: запрошено=100 → получено=0
2025-08-12 21:09:10,854 | INFO | Батч 26/40: запрошено=100 → получено=0
2025-08-12 21:09:11,491 | INFO | Батч 27/40: запрошено=100 → получено=0
2025-08-12 21:09:12,132 | INFO | Батч 28/40: запрошено=100 → получено=0
2025-08-12 21:09:12,758 | INFO | Батч 29/40: запрошено=100 → получено=0
2025-08-12 21:09:13,410 | INFO | Батч 30/40: запрошено=100 → получено=0
2025-08-12 21:09:14,055 | INFO | Батч 31/40: запрошено=100 → получено=0
2025-08-12 21:09:14,719 | INFO | Батч 32/40: запрошено=100 → получено=0
2025-08-12 21:09:15,365 | INFO | Батч 33/40: запрошено=100 → получено=0
2025-08-12 21:09:16,013 | INFO | Батч 34/40: запрошено=100 → получено=0
2025-08-12 21:09:16,643 | INFO | Батч 35/40: запрошено=100 → получено=0
2025-08-12 21:09:17,297 | INFO | Батч 36/40: запрошено=100 → получено=0
2025-08-12 21:09:17,945 | INFO | Батч 37/40: запрошено=100 → получено=0
2025-08-12 21:09:18,566 | INFO | Батч 38/40: запрошено=100 → получено=0
2025-08-12 21:09:19,205 | INFO | Батч 39/40: запрошено=100 → получено=0
2025-08-12 21:09:19,774 | INFO | Батч 40/40: запрошено=58 → получено=0
2025-08-12 21:09:20,274 | WARNING | WB не вернул 3958 nmId. Примеры: 115139874, 120058527, 120058528, 120058529, 120058530, 120061815, 120061816, 120061817, 120061818, 120061819 ...
2025-08-12 21:09:20,275 | INFO | Нет строк для записи в SQLite — пропуск.
2025-08-12 21:09:20,275 | INFO | Готово.
2025-08-12 21:32:34,243 | INFO | Логи → C:\Users\Public\Finmodel2.0\scriptsPB\log\wb_spp_auto.log
2025-08-12 21:32:34,252 | INFO | Всего nmId к обработке: 3958
2025-08-12 21:32:34,252 | INFO | Пробный nmId: 261903062
2025-08-12 21:32:35,267 | INFO | Открываю https://www.wildberries.ru/catalog/261903062/detail.aspx
2025-08-12 21:32:44,411 | WARNING | Не удалось поймать параметры за 8 сек. Будут использованы дефолты.
2025-08-12 21:32:44,850 | INFO | Используем параметры: {'dest': -1257786, 'spp': None, 'hide_dtype': None, 'ab_testid': None, 'lang': 'ru', 'origin': 'https://www.wildberries.ru', 'referer': 'https://www.wildberries.ru/catalog/261903062/detail.aspx', 'captcha_id': None}
2025-08-12 21:32:45,145 | INFO | Батч 1/40: запрошено=100 → получено=0
2025-08-12 21:32:45,782 | INFO | Батч 2/40: запрошено=100 → получено=0
2025-08-12 21:32:46,423 | INFO | Батч 3/40: запрошено=100 → получено=0
2025-08-12 21:32:47,078 | INFO | Батч 4/40: запрошено=100 → получено=0
2025-08-12 21:32:47,694 | INFO | Батч 5/40: запрошено=100 → получено=0
2025-08-12 21:32:48,321 | INFO | Батч 6/40: запрошено=100 → получено=0
2025-08-12 21:32:48,943 | INFO | Батч 7/40: запрошено=100 → получено=0
2025-08-12 21:32:49,566 | INFO | Батч 8/40: запрошено=100 → получено=0
2025-08-12 21:32:50,225 | INFO | Батч 9/40: запрошено=100 → получено=0
2025-08-12 21:32:50,846 | INFO | Батч 10/40: запрошено=100 → получено=0
2025-08-12 21:32:51,470 | INFO | Батч 11/40: запрошено=100 → получено=0
2025-08-12 21:32:52,124 | INFO | Батч 12/40: запрошено=100 → получено=0
2025-08-12 21:32:52,707 | INFO | Батч 13/40: запрошено=100 → получено=0
2025-08-12 21:32:53,346 | INFO | Батч 14/40: запрошено=100 → получено=0
2025-08-12 21:32:53,922 | INFO | Батч 15/40: запрошено=100 → получено=0
2025-08-12 21:32:54,554 | INFO | Батч 16/40: запрошено=100 → получено=0
2025-08-12 21:32:55,180 | INFO | Батч 17/40: запрошено=100 → получено=0
2025-08-12 21:32:55,817 | INFO | Батч 18/40: запрошено=100 → получено=0
2025-08-12 21:32:56,438 | INFO | Батч 19/40: запрошено=100 → получено=0
2025-08-12 21:32:57,064 | INFO | Батч 20/40: запрошено=100 → получено=0
2025-08-12 21:32:57,629 | INFO | Батч 21/40: запрошено=100 → получено=0
2025-08-12 21:32:58,269 | INFO | Батч 22/40: запрошено=100 → получено=0
2025-08-12 21:32:58,904 | INFO | Батч 23/40: запрошено=100 → получено=0
2025-08-12 21:32:59,477 | INFO | Батч 24/40: запрошено=100 → получено=0
2025-08-12 21:33:00,140 | INFO | Батч 25/40: запрошено=100 → получено=0
2025-08-12 21:33:00,763 | INFO | Батч 26/40: запрошено=100 → получено=0
2025-08-12 21:33:01,385 | INFO | Батч 27/40: запрошено=100 → получено=0
2025-08-12 21:33:02,021 | INFO | Батч 28/40: запрошено=100 → получено=0
2025-08-12 21:33:02,638 | INFO | Батч 29/40: запрошено=100 → получено=0
2025-08-12 21:33:03,261 | INFO | Батч 30/40: запрошено=100 → получено=0
2025-08-12 21:33:03,898 | INFO | Батч 31/40: запрошено=100 → получено=0
2025-08-12 21:33:04,519 | INFO | Батч 32/40: запрошено=100 → получено=0
2025-08-12 21:33:05,145 | INFO | Батч 33/40: запрошено=100 → получено=0
2025-08-12 21:33:05,785 | INFO | Батч 34/40: запрошено=100 → получено=0
2025-08-12 21:33:06,431 | INFO | Батч 35/40: запрошено=100 → получено=0
2025-08-12 21:33:07,071 | INFO | Батч 36/40: запрошено=100 → получено=0
2025-08-12 21:33:07,710 | INFO | Батч 37/40: запрошено=100 → получено=0
2025-08-12 21:33:08,357 | INFO | Батч 38/40: запрошено=100 → получено=0
2025-08-12 21:33:08,982 | INFO | Батч 39/40: запрошено=100 → получено=0
2025-08-12 21:33:09,549 | INFO | Батч 40/40: запрошено=58 → получено=0
2025-08-12 21:33:10,050 | WARNING | WB не вернул 3958 nmId. Примеры: 115139874, 120058527, 120058528, 120058529, 120058530, 120061815, 120061816, 120061817, 120061818, 120061819 ...
2025-08-12 21:33:10,051 | INFO | Нет строк для записи в SQLite — пропуск.
2025-08-12 21:33:10,051 | INFO | Готово.
